\BOOKMARK [1][-]{section*.1}{\376\377\000A\000b\000s\000t\000r\000a\000c\000t}{}% 1
\BOOKMARK [1][-]{section.1}{\376\377\0001\000\040\000I\000n\000t\000r\000o\000d\000u\000c\000t\000i\000o\000n}{}% 2
\BOOKMARK [2][-]{subsection.1.1}{\376\377\0001\000.\0001\000\040\000L\000i\000t\000e\000r\000a\000t\000u\000r\000e\000\040\000R\000e\000v\000i\000e\000w}{section.1}% 3
\BOOKMARK [2][-]{subsection.1.2}{\376\377\0001\000.\0002\000\040\000M\000o\000t\000i\000v\000a\000t\000i\000o\000n}{section.1}% 4
\BOOKMARK [2][-]{subsection.1.3}{\376\377\0001\000.\0003\000\040\000O\000b\000j\000e\000c\000t\000i\000v\000e}{section.1}% 5
\BOOKMARK [1][-]{section.2}{\376\377\0002\000\040\000B\000a\000c\000k\000g\000r\000o\000u\000n\000d}{}% 6
\BOOKMARK [2][-]{subsection.2.1}{\376\377\0002\000.\0001\000\040\000A\000R\000M\000\040\000T\000r\000u\000s\000t\000Z\000o\000n\000e\000\040\000T\000e\000c\000h\000n\000o\000l\000o\000g\000y}{section.2}% 7
\BOOKMARK [2][-]{subsection.2.2}{\376\377\0002\000.\0002\000\040\000C\000o\000m\000p\000a\000r\000i\000s\000o\000n\000\040\000o\000f\000\040\000H\000y\000p\000e\000r\000v\000i\000s\000o\000r\000\040\000A\000r\000c\000h\000i\000t\000e\000c\000t\000u\000r\000e\000s}{section.2}% 8
\BOOKMARK [2][-]{subsection.2.3}{\376\377\0002\000.\0003\000\040\000Q\000E\000M\000U\000:\000\040\000A\000\040\000S\000y\000s\000t\000e\000m\000\040\000E\000m\000u\000l\000a\000t\000o\000r}{section.2}% 9
\BOOKMARK [1][-]{section.3}{\376\377\0003\000\040\000S\000y\000s\000t\000e\000m\000\040\000D\000e\000s\000i\000g\000n\000:\000\040\000I\000n\000t\000r\000o\000d\000u\000c\000t\000i\000o\000n\000\040\000t\000o\000\040\000t\000h\000e\000\040\000V\000i\000r\000t\000u\000a\000l\000i\000z\000a\000t\000i\000o\000n\000\040\000S\000t\000a\000c\000k}{}% 10
\BOOKMARK [2][-]{subsection.3.1}{\376\377\0003\000.\0001\000\040\000S\000t\000e\000p\000\040\0001\000:\000\040\000B\000a\000r\000e\000\040\000M\000e\000t\000a\000l\000\040\000M\000a\000c\000h\000i\000n\000e\000.\000\040\000O\000S\000\040\000d\000i\000r\000e\000c\000t\000l\000y\000\040\000r\000u\000n\000n\000i\000n\000g\000\040\000o\000n\000\040\000A\000R\000M\000\040\000C\000P\000U}{section.3}% 11
\BOOKMARK [2][-]{subsection.3.2}{\376\377\0003\000.\0002\000\040\000S\000t\000e\000p\000\040\0002\000:\000\040\000V\000i\000r\000t\000u\000a\000l\000i\000z\000e\000\040\000t\000h\000e\000\040\000O\000S\000\040\000b\000y\000\040\000i\000n\000t\000r\000o\000d\000u\000c\000i\000n\000g\000\040\000H\000y\000p\000e\000r\000v\000i\000s\000o\000r}{section.3}% 12
\BOOKMARK [2][-]{subsection.3.3}{\376\377\0003\000.\0003\000\040\000S\000t\000e\000p\000\040\0003\000:\000\040\000V\000i\000r\000t\000u\000a\000l\000i\000z\000i\000n\000g\000\040\000t\000h\000e\000\040\000A\000R\000M\000\040\000C\000P\000U\000\040\000b\000y\000\040\000Q\000E\000M\000U}{section.3}% 13
\BOOKMARK [2][-]{subsection.3.4}{\376\377\0003\000.\0004\000\040\000R\000e\000c\000a\000p}{section.3}% 14
\BOOKMARK [1][-]{section.4}{\376\377\0004\000\040\000I\000m\000p\000l\000e\000m\000e\000n\000t\000a\000t\000i\000o\000n}{}% 15
\BOOKMARK [2][-]{subsection.4.1}{\376\377\0004\000.\0001\000\040\000S\000y\000s\000t\000e\000m\000\040\000C\000o\000m\000p\000o\000n\000e\000n\000t\000s}{section.4}% 16
\BOOKMARK [2][-]{subsection.4.2}{\376\377\0004\000.\0002\000\040\000R\000o\000l\000e\000\040\000o\000f\000\040\000t\000h\000e\000\040\000H\000y\000p\000e\000r\000v\000i\000s\000o\000r\000\040\000i\000n\000\040\000O\000P\000-\000T\000E\000E\000\040\000I\000n\000t\000e\000g\000r\000a\000t\000i\000o\000n}{section.4}% 17
\BOOKMARK [2][-]{subsection.4.3}{\376\377\0004\000.\0003\000\040\000O\000P\000-\000T\000E\000E\000\040\000V\000i\000r\000t\000u\000a\000l\000i\000z\000a\000t\000i\000o\000n\000\040\000S\000u\000p\000p\000o\000r\000t\000:\000\040\000X\000E\000N\000\040\000T\000E\000E\000\040\000M\000e\000d\000i\000a\000t\000o\000r}{section.4}% 18
\BOOKMARK [2][-]{subsection.4.4}{\376\377\0004\000.\0004\000\040\000O\000P\000-\000T\000E\000E\000\040\000L\000i\000n\000u\000x\000\040\000K\000e\000r\000n\000e\000l\000\040\000S\000u\000p\000p\000o\000r\000t}{section.4}% 19
\BOOKMARK [1][-]{section.5}{\376\377\0005\000\040\000B\000e\000n\000c\000h\000m\000a\000r\000k\000\040\000P\000e\000r\000f\000o\000r\000m\000a\000n\000c\000e\000\040\000A\000n\000a\000l\000y\000s\000i\000s}{}% 20
\BOOKMARK [2][-]{subsection.5.1}{\376\377\0005\000.\0001\000\040\000R\000e\000s\000u\000l\000t\000s\000\040\000O\000v\000e\000r\000v\000i\000e\000w}{section.5}% 21
\BOOKMARK [2][-]{subsection.5.2}{\376\377\0005\000.\0002\000\040\000P\000r\000o\000j\000e\000c\000t\000-\000S\000p\000e\000c\000i\000f\000i\000c\000\040\000I\000n\000s\000i\000g\000h\000t\000s}{section.5}% 22
\BOOKMARK [2][-]{subsection.5.3}{\376\377\0005\000.\0003\000\040\000I\000m\000p\000l\000i\000c\000a\000t\000i\000o\000n\000s\000\040\000f\000o\000r\000\040\000V\000i\000r\000t\000u\000a\000l\000i\000z\000e\000d\000\040\000E\000m\000b\000e\000d\000d\000e\000d\000\040\000S\000y\000s\000t\000e\000m\000s}{section.5}% 23
\BOOKMARK [1][-]{section.6}{\376\377\0006\000\040\000C\000h\000a\000l\000l\000e\000n\000g\000e\000s}{}% 24
\BOOKMARK [2][-]{subsection.6.1}{\376\377\0006\000.\0001\000\040\000B\000u\000s\000y\000B\000o\000x\000\040\000H\000a\000r\000d\000w\000a\000r\000e\000\040\000A\000c\000c\000e\000l\000e\000r\000a\000t\000i\000o\000n\000\040\000C\000o\000m\000p\000a\000t\000i\000b\000i\000l\000i\000t\000y}{section.6}% 25
\BOOKMARK [2][-]{subsection.6.2}{\376\377\0006\000.\0002\000\040\000B\000u\000s\000y\000B\000o\000x\000\040\000C\000o\000m\000p\000i\000l\000a\000t\000i\000o\000n\000\040\000F\000a\000i\000l\000u\000r\000e\000\040\000w\000i\000t\000h\000\040\000T\000r\000a\000f\000f\000i\000c\000\040\000C\000o\000n\000t\000r\000o\000l\000\040\000U\000t\000i\000l\000i\000t\000y}{section.6}% 26
\BOOKMARK [2][-]{subsection.6.3}{\376\377\0006\000.\0003\000\040\000Q\000E\000M\000U\000\040\000s\000t\000u\000c\000k\000\040\000o\000n\000\040\000l\000o\000a\000d\000i\000n\000g\000\040\000u\000n\000s\000u\000p\000p\000o\000r\000t\000e\000d\000\040\000G\000P\000I\000O\000\040\000m\000o\000d\000u\000l\000e}{section.6}% 27
\BOOKMARK [2][-]{subsection.6.4}{\376\377\0006\000.\0004\000\040\000L\000a\000u\000n\000c\000h\000i\000n\000g\000\040\000Q\000E\000M\000U\000\040\000w\000i\000t\000h\000\040\000X\000e\000n\000\040\000a\000n\000d\000\040\000T\000w\000o\000\040\000L\000i\000n\000u\000x\000\040\000I\000n\000s\000t\000a\000n\000c\000e\000s}{section.6}% 28
\BOOKMARK [1][-]{section.7}{\376\377\0007\000\040\000L\000i\000m\000i\000t\000a\000t\000i\000o\000n}{}% 29
\BOOKMARK [1][-]{section.8}{\376\377\0008\000\040\000F\000u\000t\000u\000r\000e\000\040\000W\000o\000r\000k}{}% 30
\BOOKMARK [1][-]{section.9}{\376\377\0009\000\040\000C\000o\000n\000c\000l\000u\000s\000i\000o\000n}{}% 31
\BOOKMARK [1][-]{section*.16}{\376\377\000R\000e\000f\000e\000r\000e\000n\000c\000e\000s}{}% 32
